Nov-27 14:56:52.978 [main] DEBUG nextflow.cli.Launcher - $> nextflow run ../main.nf --sceptre_object_fp /Users/timbarry/research_offsite/external/replogle-2022//processed/rd7/small/sceptre_object.rds --response_odm_fp /Users/timbarry/research_offsite/external/replogle-2022//processed/rd7/small/gene.odm --grna_odm_fp /Users/timbarry/research_offsite/external/replogle-2022//processed/rd7/small/grna.odm
Nov-27 14:56:53.020 [main] INFO  nextflow.cli.CmdRun - N E X T F L O W  ~  version 23.10.0
Nov-27 14:56:53.029 [main] DEBUG nextflow.plugin.PluginsFacade - Setting up plugin manager > mode=prod; embedded=false; plugins-dir=/Users/timbarry/.nextflow/plugins; core-plugins: nf-amazon@2.1.4,nf-azure@1.3.2,nf-cloudcache@0.3.0,nf-codecommit@0.1.5,nf-console@1.0.6,nf-ga4gh@1.1.0,nf-google@1.8.3,nf-tower@1.6.3,nf-wave@1.0.0
Nov-27 14:56:53.033 [main] INFO  o.pf4j.DefaultPluginStatusProvider - Enabled plugins: []
Nov-27 14:56:53.033 [main] INFO  o.pf4j.DefaultPluginStatusProvider - Disabled plugins: []
Nov-27 14:56:53.034 [main] INFO  org.pf4j.DefaultPluginManager - PF4J version 3.4.1 in 'deployment' mode
Nov-27 14:56:53.038 [main] INFO  org.pf4j.AbstractPluginManager - No plugins
Nov-27 14:56:53.076 [main] DEBUG nextflow.cli.CmdRun - Applied DSL=2 from script declararion
Nov-27 14:56:53.083 [main] INFO  nextflow.cli.CmdRun - Launching `../main.nf` [stoic_wing] DSL2 - revision: a4b4c29370
Nov-27 14:56:53.084 [main] DEBUG nextflow.plugin.PluginsFacade - Plugins default=[]
Nov-27 14:56:53.084 [main] DEBUG nextflow.plugin.PluginsFacade - Plugins resolved requirement=[]
Nov-27 14:56:53.088 [main] DEBUG n.secret.LocalSecretsProvider - Secrets store: /Users/timbarry/.nextflow/secrets/store.json
Nov-27 14:56:53.091 [main] DEBUG nextflow.secret.SecretsLoader - Discovered secrets providers: [nextflow.secret.LocalSecretsProvider@27b22f74] - activable => nextflow.secret.LocalSecretsProvider@27b22f74
Nov-27 14:56:53.121 [main] DEBUG nextflow.Session - Session UUID: b1198001-9b3a-4f52-9b61-766469de12f6
Nov-27 14:56:53.121 [main] DEBUG nextflow.Session - Run name: stoic_wing
Nov-27 14:56:53.121 [main] DEBUG nextflow.Session - Executor pool size: 8
Nov-27 14:56:53.124 [main] DEBUG nextflow.file.FilePorter - File porter settings maxRetries=3; maxTransfers=50; pollTimeout=null
Nov-27 14:56:53.126 [main] DEBUG nextflow.util.ThreadPoolBuilder - Creating thread pool 'FileTransfer' minSize=10; maxSize=24; workQueue=LinkedBlockingQueue[10000]; allowCoreThreadTimeout=false
Nov-27 14:56:53.142 [main] DEBUG nextflow.cli.CmdRun - 
  Version: 23.10.0 build 5889
  Created: 15-10-2023 15:07 UTC (11:07 EDT)
  System: Mac OS X 14.1.1
  Runtime: Groovy 3.0.19 on OpenJDK 64-Bit Server VM 17.0.6+10-LTS
  Encoding: UTF-8 (UTF-8)
  Process: 27238@Tims-MBP [192.168.1.205]
  CPUs: 8 - Mem: 16 GB (2.2 GB) - Swap: 0 (0)
Nov-27 14:56:53.147 [main] DEBUG nextflow.Session - Work-dir: /Users/timbarry/research_code/sceptre-pipeline/examples/work [Mac OS X]
Nov-27 14:56:53.163 [main] DEBUG nextflow.executor.ExecutorFactory - Extension executors providers=[]
Nov-27 14:56:53.167 [main] DEBUG nextflow.Session - Observer factory: DefaultObserverFactory
Nov-27 14:56:53.180 [main] DEBUG nextflow.cache.CacheFactory - Using Nextflow cache factory: nextflow.cache.DefaultCacheFactory
Nov-27 14:56:53.184 [main] DEBUG nextflow.util.CustomThreadPool - Creating default thread pool > poolSize: 9; maxThreads: 1000
Nov-27 14:56:53.209 [main] DEBUG nextflow.Session - Session start
Nov-27 14:56:53.460 [main] DEBUG nextflow.script.ScriptRunner - > Launching execution
Nov-27 14:56:53.502 [main] DEBUG nextflow.executor.ExecutorFactory - << taskConfig executor: null
Nov-27 14:56:53.502 [main] DEBUG nextflow.executor.ExecutorFactory - >> processorType: 'local'
Nov-27 14:56:53.505 [main] DEBUG nextflow.executor.Executor - [warm up] executor > local
Nov-27 14:56:53.507 [main] DEBUG n.processor.LocalPollingMonitor - Creating local task monitor for executor 'local' > cpus=8; memory=16 GB; capacity=8; pollInterval=100ms; dumpInterval=5m
Nov-27 14:56:53.508 [main] DEBUG n.processor.TaskPollingMonitor - >>> barrier register (monitor: local)
Nov-27 14:56:53.542 [main] DEBUG nextflow.Session - Workflow process names [dsl2]: output_grna_info
Nov-27 14:56:53.542 [main] DEBUG nextflow.Session - Igniting dataflow network (4)
Nov-27 14:56:53.545 [main] DEBUG nextflow.processor.TaskProcessor - Starting process > output_grna_info
Nov-27 14:56:53.546 [main] DEBUG nextflow.script.ScriptRunner - Parsed script files:
  Script_9620d9d4d9394787: /Users/timbarry/research_code/sceptre-pipeline/main.nf
Nov-27 14:56:53.546 [main] DEBUG nextflow.script.ScriptRunner - > Awaiting termination 
Nov-27 14:56:53.546 [main] DEBUG nextflow.Session - Session await
Nov-27 14:56:53.606 [Task submitter] DEBUG n.executor.local.LocalTaskHandler - Launch cmd line: /bin/bash -ue .command.run
Nov-27 14:56:53.607 [Task submitter] INFO  nextflow.Session - [2b/6dd841] Submitted process > output_grna_info (1)
Nov-27 14:56:54.741 [Task monitor] DEBUG n.processor.TaskPollingMonitor - Task completed > TaskHandler[id: 1; name: output_grna_info (1); status: COMPLETED; exit: 0; error: -; workDir: /Users/timbarry/research_code/sceptre-pipeline/examples/work/2b/6dd841e9d95ac65b18c26e53b49b3d]
Nov-27 14:56:54.747 [main] DEBUG nextflow.Session - Session await > all processes finished
Nov-27 14:56:54.747 [Task monitor] DEBUG n.processor.TaskPollingMonitor - <<< barrier arrives (monitor: local) - terminating tasks monitor poll loop
Nov-27 14:56:54.747 [main] DEBUG nextflow.Session - Session await > all barriers passed
Nov-27 14:56:54.750 [main] DEBUG n.trace.WorkflowStatsObserver - Workflow completed > WorkflowStats[succeededCount=1; failedCount=0; ignoredCount=0; cachedCount=0; pendingCount=0; submittedCount=0; runningCount=0; retriesCount=0; abortedCount=0; succeedDuration=1.1s; failedDuration=0ms; cachedDuration=0ms;loadCpus=0; loadMemory=0; peakRunning=1; peakCpus=1; peakMemory=5 GB; ]
Nov-27 14:56:54.877 [main] DEBUG nextflow.cache.CacheDB - Closing CacheDB done
Nov-27 14:56:54.883 [main] DEBUG nextflow.util.ThreadPoolManager - Thread pool 'FileTransfer' shutdown completed (hard=false)
Nov-27 14:56:54.883 [main] DEBUG nextflow.script.ScriptRunner - > Execution complete -- Goodbye
